Dataset: train - Data Shape: (80000, 2, 800)
Dataset: val - Data Shape: (10000, 2, 800)
Dataset: test - Data Shape: (10000, 2, 800)
Epoch: 0 - Train
100%|████████████████████████████████████████████████████████████████████████████████| 625/625 [00:34<00:00, 18.34it/s]
Avg Loss Train: 1.020474097585678
Epoch: 0 - Val
100%|██████████████████████████████████████████████████████████████████████████████████| 79/79 [00:00<00:00, 79.54it/s]
Avg Loss Val: 0.09819125638732427
Epoch: 1 - Train
100%|████████████████████████████████████████████████████████████████████████████████| 625/625 [00:34<00:00, 18.26it/s]
Avg Loss Train: 0.28690691994428635
Epoch: 1 - Val
100%|██████████████████████████████████████████████████████████████████████████████████| 79/79 [00:00<00:00, 79.77it/s]
Avg Loss Val: 0.03427220475447329
Epoch: 2 - Train
100%|████████████████████████████████████████████████████████████████████████████████| 625/625 [00:34<00:00, 18.21it/s]
Avg Loss Train: 0.19364916182756423
Epoch: 2 - Val
100%|██████████████████████████████████████████████████████████████████████████████████| 79/79 [00:00<00:00, 79.59it/s]
Avg Loss Val: 0.01180972951122477
Epoch: 3 - Train
100%|████████████████████████████████████████████████████████████████████████████████| 625/625 [00:34<00:00, 18.17it/s]
Avg Loss Train: 0.15101332948803903
Epoch: 3 - Val
100%|██████████████████████████████████████████████████████████████████████████████████| 79/79 [00:00<00:00, 79.47it/s]
Avg Loss Val: 0.006381944151996057
Epoch: 4 - Train
100%|████████████████████████████████████████████████████████████████████████████████| 625/625 [00:34<00:00, 18.16it/s]
Avg Loss Train: 0.12442684904634953
Epoch: 4 - Val
100%|██████████████████████████████████████████████████████████████████████████████████| 79/79 [00:01<00:00, 79.00it/s]
Avg Loss Val: 0.004491898360886151
Epoch: 5 - Train
100%|████████████████████████████████████████████████████████████████████████████████| 625/625 [00:34<00:00, 18.10it/s]
Avg Loss Train: 0.10557054098546505
Epoch: 5 - Val
100%|██████████████████████████████████████████████████████████████████████████████████| 79/79 [00:01<00:00, 78.95it/s]
Avg Loss Val: 0.020386931828305692
Epoch: 6 - Train
100%|████████████████████████████████████████████████████████████████████████████████| 625/625 [00:34<00:00, 18.10it/s]
Avg Loss Train: 0.09362202763855457
Epoch: 6 - Val
100%|██████████████████████████████████████████████████████████████████████████████████| 79/79 [00:01<00:00, 78.89it/s]
Avg Loss Val: 0.005002935570252093
Epoch: 7 - Train
100%|████████████████████████████████████████████████████████████████████████████████| 625/625 [00:34<00:00, 18.10it/s]
Avg Loss Train: 0.08646240024864674
Epoch: 7 - Val
100%|██████████████████████████████████████████████████████████████████████████████████| 79/79 [00:01<00:00, 78.79it/s]
Avg Loss Val: 0.002317924759810484
Epoch: 8 - Train
100%|████████████████████████████████████████████████████████████████████████████████| 625/625 [00:34<00:00, 18.11it/s]
Avg Loss Train: 0.0802543459713459
Epoch: 8 - Val
100%|██████████████████████████████████████████████████████████████████████████████████| 79/79 [00:00<00:00, 79.09it/s]
Avg Loss Val: 0.0015202616871912268
Epoch: 9 - Train
100%|████████████████████████████████████████████████████████████████████████████████| 625/625 [00:34<00:00, 18.11it/s]
Avg Loss Train: 0.0703617281511426
Epoch: 9 - Val
100%|██████████████████████████████████████████████████████████████████████████████████| 79/79 [00:01<00:00, 78.95it/s]
Avg Loss Val: 0.0009533500275279902
Epoch: 10 - Train
100%|████████████████████████████████████████████████████████████████████████████████| 625/625 [00:34<00:00, 18.11it/s]
Avg Loss Train: 0.0689764936864376
Epoch: 10 - Val
100%|██████████████████████████████████████████████████████████████████████████████████| 79/79 [00:01<00:00, 78.86it/s]
Avg Loss Val: 0.0006738787021818041
Epoch: 11 - Train
100%|████████████████████████████████████████████████████████████████████████████████| 625/625 [00:34<00:00, 18.10it/s]
Avg Loss Train: 0.06681730605214835
Epoch: 11 - Val
100%|██████████████████████████████████████████████████████████████████████████████████| 79/79 [00:01<00:00, 78.95it/s]
Avg Loss Val: 0.002971101788025868
Epoch: 12 - Train
100%|████████████████████████████████████████████████████████████████████████████████| 625/625 [00:34<00:00, 17.97it/s]
Avg Loss Train: 0.056609086821973326
Epoch: 12 - Val
100%|██████████████████████████████████████████████████████████████████████████████████| 79/79 [00:01<00:00, 76.58it/s]
Avg Loss Val: 0.0006735879880718038
Epoch: 13 - Train
100%|████████████████████████████████████████████████████████████████████████████████| 625/625 [00:34<00:00, 18.04it/s]
Avg Loss Train: 0.05133705502301455
Epoch: 13 - Val
100%|██████████████████████████████████████████████████████████████████████████████████| 79/79 [00:01<00:00, 78.72it/s]
Avg Loss Val: 0.00018639075039308283
Epoch: 14 - Train
100%|████████████████████████████████████████████████████████████████████████████████| 625/625 [00:35<00:00, 17.75it/s]
Avg Loss Train: 0.05236459161490202
Epoch: 14 - Val
100%|██████████████████████████████████████████████████████████████████████████████████| 79/79 [00:01<00:00, 78.77it/s]
Avg Loss Val: 0.0005215066661940345
Epoch: 15 - Train
100%|████████████████████████████████████████████████████████████████████████████████| 625/625 [00:35<00:00, 17.74it/s]
Avg Loss Train: 0.04613138195574284
Epoch: 15 - Val
100%|██████████████████████████████████████████████████████████████████████████████████| 79/79 [00:01<00:00, 78.24it/s]
Avg Loss Val: 0.00033212599309184884
Epoch: 16 - Train
100%|████████████████████████████████████████████████████████████████████████████████| 625/625 [00:35<00:00, 17.77it/s]
Avg Loss Train: 0.044425108636915685
Epoch: 16 - Val
100%|██████████████████████████████████████████████████████████████████████████████████| 79/79 [00:01<00:00, 78.63it/s]
Avg Loss Val: 0.00042434409260749817
Epoch: 17 - Train
100%|████████████████████████████████████████████████████████████████████████████████| 625/625 [00:35<00:00, 17.82it/s]
Avg Loss Train: 0.04373829266726971
Epoch: 17 - Val
100%|██████████████████████████████████████████████████████████████████████████████████| 79/79 [00:01<00:00, 78.24it/s]
Avg Loss Val: 0.0007321722333944297
Epoch: 18 - Train
100%|████████████████████████████████████████████████████████████████████████████████| 625/625 [00:35<00:00, 17.83it/s]
Avg Loss Train: 0.036215733020007614
Epoch: 18 - Val
100%|██████████████████████████████████████████████████████████████████████████████████| 79/79 [00:01<00:00, 76.41it/s]
Avg Loss Val: 0.0005126961895936652
Epoch: 19 - Train
100%|████████████████████████████████████████████████████████████████████████████████| 625/625 [00:35<00:00, 17.84it/s]
Avg Loss Train: 0.037151540736854075
Epoch: 19 - Val
100%|██████████████████████████████████████████████████████████████████████████████████| 79/79 [00:01<00:00, 78.35it/s]
Avg Loss Val: 0.0005769568577974658
Epoch: 20 - Train
100%|████████████████████████████████████████████████████████████████████████████████| 625/625 [00:35<00:00, 17.79it/s]
Avg Loss Train: 0.03450541413128376
Epoch: 20 - Val
100%|██████████████████████████████████████████████████████████████████████████████████| 79/79 [00:01<00:00, 78.87it/s]
Avg Loss Val: 0.0003937096393938306
Epoch: 21 - Train
100%|████████████████████████████████████████████████████████████████████████████████| 625/625 [00:34<00:00, 18.11it/s]
Avg Loss Train: 0.029765789210796357
Epoch: 21 - Val
100%|██████████████████████████████████████████████████████████████████████████████████| 79/79 [00:01<00:00, 78.70it/s]
Avg Loss Val: 0.00025245108747784094
Epoch: 22 - Train
100%|████████████████████████████████████████████████████████████████████████████████| 625/625 [00:35<00:00, 17.46it/s]
Avg Loss Train: 0.026387382638454436
Epoch: 22 - Val
100%|██████████████████████████████████████████████████████████████████████████████████| 79/79 [00:01<00:00, 71.61it/s]
Avg Loss Val: 0.0031887865330599533
Epoch: 23 - Train
100%|████████████████████████████████████████████████████████████████████████████████| 625/625 [00:37<00:00, 16.54it/s]
Avg Loss Train: 0.03226338514089584
Epoch: 23 - Val
100%|██████████████████████████████████████████████████████████████████████████████████| 79/79 [00:01<00:00, 69.61it/s]
Avg Loss Val: 0.0006322391991373859
Epoch: 24 - Train
100%|████████████████████████████████████████████████████████████████████████████████| 625/625 [00:37<00:00, 16.62it/s]
Avg Loss Train: 0.02726892321407795
Epoch: 24 - Val
100%|██████████████████████████████████████████████████████████████████████████████████| 79/79 [00:01<00:00, 71.67it/s]
Avg Loss Val: 8.161332976968982e-05