Epoch: 0 - Train
100%|██████████████████████████████████████████████████████████████████| 625/625 [00:30<00:00, 20.56it/s]
Avg Loss: 1.0450259751319886
Epoch: 0 - Val
100%|████████████████████████████████████████████████████████████████████| 79/79 [00:00<00:00, 88.92it/s]
Avg Loss: 0.22662137222440937
Epoch: 1 - Train
100%|██████████████████████████████████████████████████████████████████| 625/625 [00:30<00:00, 20.50it/s]
Avg Loss: 0.43275090396404264
Epoch: 1 - Val
100%|████████████████████████████████████████████████████████████████████| 79/79 [00:00<00:00, 88.97it/s]
Avg Loss: 0.09084273870044117
Epoch: 2 - Train
100%|██████████████████████████████████████████████████████████████████| 625/625 [00:30<00:00, 20.46it/s]
Avg Loss: 0.2969285327911377
Epoch: 2 - Val
100%|████████████████████████████████████████████████████████████████████| 79/79 [00:00<00:00, 88.83it/s]
Avg Loss: 0.06287875625340245
Epoch: 3 - Train
100%|██████████████████████████████████████████████████████████████████| 625/625 [00:30<00:00, 20.44it/s]
Avg Loss: 0.21577456002235412
Epoch: 3 - Val
100%|████████████████████████████████████████████████████████████████████| 79/79 [00:00<00:00, 88.79it/s]
Avg Loss: 0.05396921767652789
Epoch: 4 - Train
100%|██████████████████████████████████████████████████████████████████| 625/625 [00:30<00:00, 20.43it/s]
Avg Loss: 0.1678847176194191
Epoch: 4 - Val
100%|████████████████████████████████████████████████████████████████████| 79/79 [00:00<00:00, 88.60it/s]
Avg Loss: 0.01704208430232881
Epoch: 5 - Train
100%|██████████████████████████████████████████████████████████████████| 625/625 [00:30<00:00, 20.37it/s]
Avg Loss: 0.1396168314278126
Epoch: 5 - Val
100%|████████████████████████████████████████████████████████████████████| 79/79 [00:00<00:00, 88.31it/s]
Avg Loss: 0.005117496829244155
Epoch: 6 - Train
100%|██████████████████████████████████████████████████████████████████| 625/625 [00:30<00:00, 20.37it/s]
Avg Loss: 0.12776722734570503
Epoch: 6 - Val
100%|████████████████████████████████████████████████████████████████████| 79/79 [00:00<00:00, 88.52it/s]
Avg Loss: 0.00664172297980212
Epoch: 7 - Train
100%|██████████████████████████████████████████████████████████████████| 625/625 [00:30<00:00, 20.35it/s]
Avg Loss: 0.10989517482221127
Epoch: 7 - Val
100%|████████████████████████████████████████████████████████████████████| 79/79 [00:00<00:00, 88.68it/s]
Avg Loss: 0.0011745691299438477
Epoch: 8 - Train
100%|██████████████████████████████████████████████████████████████████| 625/625 [00:30<00:00, 20.40it/s]
Avg Loss: 0.10095242346525192
Epoch: 8 - Val
100%|████████████████████████████████████████████████████████████████████| 79/79 [00:00<00:00, 88.67it/s]
Avg Loss: 0.002669942034762117
Epoch: 9 - Train
100%|██████████████████████████████████████████████████████████████████| 625/625 [00:30<00:00, 20.37it/s]
Avg Loss: 0.0920066400229931
Epoch: 9 - Val
100%|████████████████████████████████████████████████████████████████████| 79/79 [00:00<00:00, 87.26it/s]
Avg Loss: 0.002334815508957151
